SF:C:\Users\GpbUser\source\repos\ShapesLib\ShapesLib\AreaCalculator.cs
FN:5,System.Double ShapesLib.AreaCalculator::CalulateArea(ShapesLib.IShapes)
FNDA:3,System.Double ShapesLib.AreaCalculator::CalulateArea(ShapesLib.IShapes)
DA:6,3
DA:7,3
DA:8,3
LF:3
LH:3
BRF:0
BRH:0
FNF:1
FNH:1
end_of_record
SF:C:\Users\GpbUser\source\repos\ShapesLib\ShapesLib\Circle.cs
FN:8,ShapesLib.Radius ShapesLib.Circle::get_MyRadius()
FNDA:25,ShapesLib.Radius ShapesLib.Circle::get_MyRadius()
DA:9,25
FN:24,System.Double ShapesLib.Circle::CalculateArea()
FNDA:3,System.Double ShapesLib.Circle::CalculateArea()
DA:25,3
FN:15,System.Void ShapesLib.Circle::.ctor(System.Double)
FNDA:9,System.Void ShapesLib.Circle::.ctor(System.Double)
DA:16,9
DA:17,9
DA:18,9
DA:19,9
DA:20,4
LF:7
LH:7
BRF:0
BRH:0
FNF:3
FNH:3
end_of_record
SF:C:\Users\GpbUser\source\repos\ShapesLib\ShapesLib\Radius.cs
FN:12,System.Double ShapesLib.Radius::get_Value()
FNDA:21,System.Double ShapesLib.Radius::get_Value()
DA:13,21
FN:14,System.Void ShapesLib.Radius::set_Value(System.Double)
FNDA:9,System.Void ShapesLib.Radius::set_Value(System.Double)
DA:15,9
DA:16,9
DA:17,5
DA:18,5
DA:20,4
DA:21,4
BRDA:16,11,0,6
BRDA:16,19,0,5
BRDA:16,11,1,4
BRDA:16,19,1,4
BRDA:16,32,0,5
BRDA:16,32,1,4
LF:7
LH:7
BRF:6
BRH:6
FNF:2
FNH:2
end_of_record
SF:C:\Users\GpbUser\source\repos\ShapesLib\ShapesLib\Side.cs
FN:12,System.Double ShapesLib.Side::get_Value()
FNDA:177,System.Double ShapesLib.Side::get_Value()
DA:13,177
FN:14,System.Void ShapesLib.Side::set_Value(System.Double)
FNDA:27,System.Void ShapesLib.Side::set_Value(System.Double)
DA:15,27
DA:16,27
DA:17,5
DA:18,5
DA:20,22
DA:21,22
BRDA:16,11,0,24
BRDA:16,19,0,23
BRDA:16,11,1,4
BRDA:16,19,1,4
BRDA:16,32,0,5
BRDA:16,32,1,22
LF:7
LH:7
BRF:6
BRH:6
FNF:2
FNH:2
end_of_record
SF:C:\Users\GpbUser\source\repos\ShapesLib\ShapesLib\Square.cs
FN:11,ShapesLib.Side ShapesLib.Square::get_MySide()
FNDA:87,ShapesLib.Side ShapesLib.Square::get_MySide()
DA:12,87
FN:12,System.Void ShapesLib.Square::set_MySide(ShapesLib.Side)
FNDA:9,System.Void ShapesLib.Square::set_MySide(ShapesLib.Side)
DA:13,9
DA:14,9
DA:15,9
DA:16,9
FN:23,System.Double ShapesLib.Square::get_Diagonal()
FNDA:3,System.Double ShapesLib.Square::get_Diagonal()
DA:24,3
FN:41,System.Double ShapesLib.Square::CalculateArea()
FNDA:3,System.Double ShapesLib.Square::CalculateArea()
DA:42,3
DA:43,3
DA:44,3
FN:31,System.Void ShapesLib.Square::.ctor(System.Double)
FNDA:9,System.Void ShapesLib.Square::.ctor(System.Double)
DA:32,9
DA:33,9
DA:34,9
DA:35,9
DA:36,4
DA:37,4
LF:15
LH:15
BRF:0
BRH:0
FNF:5
FNH:5
end_of_record
SF:C:\Users\GpbUser\source\repos\ShapesLib\ShapesLib\Triangle.cs
FN:10,ShapesLib.Side ShapesLib.Triangle::get_A()
FNDA:25,ShapesLib.Side ShapesLib.Triangle::get_A()
DA:11,25
FN:14,ShapesLib.Side ShapesLib.Triangle::get_B()
FNDA:25,ShapesLib.Side ShapesLib.Triangle::get_B()
DA:15,25
FN:18,ShapesLib.Side ShapesLib.Triangle::get_C()
FNDA:25,ShapesLib.Side ShapesLib.Triangle::get_C()
DA:19,25
FN:43,System.Boolean ShapesLib.Triangle::IsExist(System.Double,System.Double,System.Double)
FNDA:25,System.Boolean ShapesLib.Triangle::IsExist(System.Double,System.Double,System.Double)
DA:44,25
DA:45,25
DA:46,25
BRDA:45,5,0,12
BRDA:45,11,0,8
BRDA:45,5,1,17
BRDA:45,11,1,17
FN:50,System.Double ShapesLib.Triangle::CalculateArea()
FNDA:3,System.Double ShapesLib.Triangle::CalculateArea()
DA:51,3
DA:52,3
DA:53,3
DA:54,3
DA:55,3
DA:56,3
FN:61,System.Boolean ShapesLib.Triangle::IsRightTraingle()
FNDA:2,System.Boolean ShapesLib.Triangle::IsRightTraingle()
DA:62,2
DA:63,2
DA:64,2
DA:65,2
DA:66,2
DA:67,4
DA:68,0
DA:69,2
BRDA:65,84,0,0
BRDA:65,84,1,2
BRDA:66,188,0,0
BRDA:66,188,1,2
BRDA:67,289,0,2
BRDA:67,289,1,0
FN:25,System.Void ShapesLib.Triangle::.ctor(System.Double,System.Double,System.Double)
FNDA:25,System.Void ShapesLib.Triangle::.ctor(System.Double,System.Double,System.Double)
DA:26,25
DA:27,25
DA:28,25
DA:29,19
DA:30,19
DA:32,6
DA:33,6
DA:34,6
DA:35,6
DA:36,6
DA:37,6
DA:38,6
BRDA:28,22,0,19
BRDA:28,22,1,6
LF:32
LH:31
BRF:12
BRH:9
FNF:7
FNH:7
end_of_record